2022-12-15 15:26:01,351 ERROR org.springframework.kafka.support.LoggingProducerListener [http-nio-9090-exec-8] Exception thrown when sending a message with key='null' and payload='manoj@gmail.com' to topic bridgeTopic:
org.apache.kafka.common.errors.TimeoutException: Topic bridgeTopic not present in metadata after 60000 ms.
2022-12-15 15:26:01,365 ERROR org.apache.catalina.core.ContainerBase.[Tomcat].[localhost].[/].[dispatcherServlet] [http-nio-9090-exec-8] Servlet.service() for servlet [dispatcherServlet] in context with path [] threw exception [Request processing failed; nested exception is org.springframework.kafka.KafkaException: Send failed; nested exception is org.apache.kafka.common.errors.TimeoutException: Topic bridgeTopic not present in metadata after 60000 ms.] with root cause
org.apache.kafka.common.errors.TimeoutException: Topic bridgeTopic not present in metadata after 60000 ms.
2022-12-15 15:26:18,682 ERROR org.springframework.kafka.support.LoggingProducerListener [http-nio-9090-exec-9] Exception thrown when sending a message with key='null' and payload='manoj@gmail.com' to topic bridgeTopic:
org.apache.kafka.common.errors.TimeoutException: Topic bridgeTopic not present in metadata after 60000 ms.
2022-12-15 15:26:18,697 ERROR org.apache.catalina.core.ContainerBase.[Tomcat].[localhost].[/].[dispatcherServlet] [http-nio-9090-exec-9] Servlet.service() for servlet [dispatcherServlet] in context with path [] threw exception [Request processing failed; nested exception is org.springframework.kafka.KafkaException: Send failed; nested exception is org.apache.kafka.common.errors.TimeoutException: Topic bridgeTopic not present in metadata after 60000 ms.] with root cause
org.apache.kafka.common.errors.TimeoutException: Topic bridgeTopic not present in metadata after 60000 ms.
2022-12-15 15:26:46,675 ERROR org.springframework.kafka.support.LoggingProducerListener [http-nio-9090-exec-10] Exception thrown when sending a message with key='null' and payload='manoj@gmail.com' to topic bridgeTopic:
org.apache.kafka.common.errors.TimeoutException: Topic bridgeTopic not present in metadata after 60000 ms.
2022-12-15 15:26:46,677 ERROR org.apache.catalina.core.ContainerBase.[Tomcat].[localhost].[/].[dispatcherServlet] [http-nio-9090-exec-10] Servlet.service() for servlet [dispatcherServlet] in context with path [] threw exception [Request processing failed; nested exception is org.springframework.kafka.KafkaException: Send failed; nested exception is org.apache.kafka.common.errors.TimeoutException: Topic bridgeTopic not present in metadata after 60000 ms.] with root cause
org.apache.kafka.common.errors.TimeoutException: Topic bridgeTopic not present in metadata after 60000 ms.
2022-12-15 15:40:30,819 INFO com.tweetApp.TweetAppApplication [restartedMain] Starting TweetAppApplication using Java 18.0.2.1 on MSI with PID 21344 (C:\Users\gmano\eclipse-workspace\tweetApplicationBackend\target\classes started by gmano in C:\Users\gmano\eclipse-workspace\tweetApplicationBackend)
2022-12-15 15:40:30,821 DEBUG com.tweetApp.TweetAppApplication [restartedMain] Running with Spring Boot v2.7.5, Spring v5.3.23
2022-12-15 15:40:30,821 INFO com.tweetApp.TweetAppApplication [restartedMain] No active profile set, falling back to 1 default profile: "default"
2022-12-15 15:40:34,182 INFO com.tweetApp.TweetAppApplication [restartedMain] Started TweetAppApplication in 3.581 seconds (JVM running for 4.342)
2022-12-15 15:47:48,124 INFO com.tweetApp.controller.TweetController [http-nio-9090-exec-10] Getting all Tweets
2022-12-15 15:47:48,195 INFO com.tweetApp.controller.LikeController [http-nio-9090-exec-1] Getting TweetLike value of Username and TweetId
2022-12-15 15:47:48,199 INFO com.tweetApp.controller.ReTweetController [http-nio-9090-exec-3] Getting all Retweets
2022-12-15 15:47:48,203 INFO com.tweetApp.controller.LikeController [http-nio-9090-exec-4] Getting TweetLike value of Username and TweetId
2022-12-15 15:47:48,209 INFO com.tweetApp.controller.ReTweetController [http-nio-9090-exec-6] Getting all Retweets
2022-12-15 17:00:09,209 INFO com.tweetApp.TweetAppApplication [restartedMain] Starting TweetAppApplication using Java 18.0.2.1 on MSI with PID 21344 (C:\Users\gmano\eclipse-workspace\tweetApplicationBackend\target\classes started by gmano in C:\Users\gmano\eclipse-workspace\tweetApplicationBackend)
2022-12-15 17:00:09,209 DEBUG com.tweetApp.TweetAppApplication [restartedMain] Running with Spring Boot v2.7.5, Spring v5.3.23
2022-12-15 17:00:09,209 INFO com.tweetApp.TweetAppApplication [restartedMain] No active profile set, falling back to 1 default profile: "default"
2022-12-15 17:00:09,722 INFO com.tweetApp.TweetAppApplication [restartedMain] Started TweetAppApplication in 0.559 seconds (JVM running for 4784.459)
2022-12-15 17:00:49,465 INFO com.tweetApp.controller.TweetController [http-nio-9090-exec-3] Getting all Tweets
2022-12-15 17:00:49,490 INFO com.tweetApp.controller.LikeController [http-nio-9090-exec-5] Getting TweetLike value of Username and TweetId
2022-12-15 17:00:49,498 INFO com.tweetApp.controller.ReTweetController [http-nio-9090-exec-7] Getting all Retweets
