2022-12-16 11:17:51,608 INFO com.tweetApp.TweetAppApplication [restartedMain] Starting TweetAppApplication using Java 18.0.2.1 on MSI with PID 8196 (C:\Users\gmano\eclipse-workspace\tweetApplicationBackend\target\classes started by gmano in C:\Users\gmano\eclipse-workspace\tweetApplicationBackend)
2022-12-16 11:17:51,612 DEBUG com.tweetApp.TweetAppApplication [restartedMain] Running with Spring Boot v2.7.5, Spring v5.3.23
2022-12-16 11:17:51,614 INFO com.tweetApp.TweetAppApplication [restartedMain] No active profile set, falling back to 1 default profile: "default"
2022-12-16 11:17:57,507 INFO com.tweetApp.TweetAppApplication [restartedMain] Started TweetAppApplication in 6.234 seconds (JVM running for 7.794)
2022-12-16 11:18:14,047 INFO com.tweetApp.entityTests.ReTweetTestEntity [main] Starting ReTweetTestEntity using Java 18.0.2.1 on MSI with PID 17432 (started by gmano in C:\Users\gmano\eclipse-workspace\tweetApplicationBackend)
2022-12-16 11:18:14,052 DEBUG com.tweetApp.entityTests.ReTweetTestEntity [main] Running with Spring Boot v2.7.5, Spring v5.3.23
2022-12-16 11:18:14,052 INFO com.tweetApp.entityTests.ReTweetTestEntity [main] No active profile set, falling back to 1 default profile: "default"
2022-12-16 11:18:14,409 INFO com.tweetApp.entityTests.ReTweetTestEntity [main] Started ReTweetTestEntity in 0.835 seconds (JVM running for 3.38)
2022-12-16 11:18:15,342 INFO com.tweetApp.TweetAppApplicationTests [main] Starting TweetAppApplicationTests using Java 18.0.2.1 on MSI with PID 17432 (started by gmano in C:\Users\gmano\eclipse-workspace\tweetApplicationBackend)
2022-12-16 11:18:15,342 DEBUG com.tweetApp.TweetAppApplicationTests [main] Running with Spring Boot v2.7.5, Spring v5.3.23
2022-12-16 11:18:15,343 INFO com.tweetApp.TweetAppApplicationTests [main] No active profile set, falling back to 1 default profile: "default"
2022-12-16 11:18:23,387 INFO com.tweetApp.TweetAppApplicationTests [main] Started TweetAppApplicationTests in 8.079 seconds (JVM running for 12.358)
2022-12-16 11:19:33,882 INFO com.tweetApp.entityTests.ReTweetTestEntity [main] Starting ReTweetTestEntity using Java 18.0.2.1 on MSI with PID 8968 (started by gmano in C:\Users\gmano\eclipse-workspace\tweetApplicationBackend)
2022-12-16 11:19:33,887 DEBUG com.tweetApp.entityTests.ReTweetTestEntity [main] Running with Spring Boot v2.7.5, Spring v5.3.23
2022-12-16 11:19:33,888 INFO com.tweetApp.entityTests.ReTweetTestEntity [main] No active profile set, falling back to 1 default profile: "default"
2022-12-16 11:19:34,111 INFO com.tweetApp.entityTests.ReTweetTestEntity [main] Started ReTweetTestEntity in 0.689 seconds (JVM running for 2.868)
2022-12-16 11:19:35,034 INFO com.tweetApp.TweetAppApplicationTests [main] Starting TweetAppApplicationTests using Java 18.0.2.1 on MSI with PID 8968 (started by gmano in C:\Users\gmano\eclipse-workspace\tweetApplicationBackend)
2022-12-16 11:19:35,035 DEBUG com.tweetApp.TweetAppApplicationTests [main] Running with Spring Boot v2.7.5, Spring v5.3.23
2022-12-16 11:19:35,036 INFO com.tweetApp.TweetAppApplicationTests [main] No active profile set, falling back to 1 default profile: "default"
2022-12-16 11:19:42,827 INFO com.tweetApp.TweetAppApplicationTests [main] Started TweetAppApplicationTests in 7.843 seconds (JVM running for 11.584)
2022-12-16 11:19:42,963 INFO com.tweetApp.TweetAppApplication [main] Starting TweetAppApplication using Java 18.0.2.1 on MSI with PID 8968 (started by gmano in C:\Users\gmano\eclipse-workspace\tweetApplicationBackend)
2022-12-16 11:19:42,963 DEBUG com.tweetApp.TweetAppApplication [main] Running with Spring Boot v2.7.5, Spring v5.3.23
2022-12-16 11:19:42,964 INFO com.tweetApp.TweetAppApplication [main] No active profile set, falling back to 1 default profile: "default"
2022-12-16 11:19:45,312 ERROR org.springframework.boot.diagnostics.LoggingFailureAnalysisReporter [main] 

***************************
APPLICATION FAILED TO START
***************************

Description:

Web server failed to start. Port 9090 was already in use.

Action:

Identify and stop the process that's listening on port 9090 or configure this application to listen on another port.

2022-12-16 11:20:17,823 INFO com.tweetApp.entityTests.ReTweetTestEntity [main] Starting ReTweetTestEntity using Java 18.0.2.1 on MSI with PID 8280 (started by gmano in C:\Users\gmano\eclipse-workspace\tweetApplicationBackend)
2022-12-16 11:20:17,826 DEBUG com.tweetApp.entityTests.ReTweetTestEntity [main] Running with Spring Boot v2.7.5, Spring v5.3.23
2022-12-16 11:20:17,827 INFO com.tweetApp.entityTests.ReTweetTestEntity [main] No active profile set, falling back to 1 default profile: "default"
2022-12-16 11:20:18,093 INFO com.tweetApp.entityTests.ReTweetTestEntity [main] Started ReTweetTestEntity in 0.766 seconds (JVM running for 2.993)
2022-12-16 11:20:19,278 INFO com.tweetApp.TweetAppApplicationTests [main] Starting TweetAppApplicationTests using Java 18.0.2.1 on MSI with PID 8280 (started by gmano in C:\Users\gmano\eclipse-workspace\tweetApplicationBackend)
2022-12-16 11:20:19,278 DEBUG com.tweetApp.TweetAppApplicationTests [main] Running with Spring Boot v2.7.5, Spring v5.3.23
2022-12-16 11:20:19,279 INFO com.tweetApp.TweetAppApplicationTests [main] No active profile set, falling back to 1 default profile: "default"
2022-12-16 11:20:27,484 INFO com.tweetApp.TweetAppApplicationTests [main] Started TweetAppApplicationTests in 8.25 seconds (JVM running for 12.383)
2022-12-16 11:29:28,578 INFO com.tweetApp.TweetAppApplication [restartedMain] Starting TweetAppApplication using Java 18.0.2.1 on MSI with PID 8196 (C:\Users\gmano\eclipse-workspace\tweetApplicationBackend\target\classes started by gmano in C:\Users\gmano\eclipse-workspace\tweetApplicationBackend)
2022-12-16 11:29:28,578 DEBUG com.tweetApp.TweetAppApplication [restartedMain] Running with Spring Boot v2.7.5, Spring v5.3.23
2022-12-16 11:29:28,578 INFO com.tweetApp.TweetAppApplication [restartedMain] No active profile set, falling back to 1 default profile: "default"
