2022-12-14 14:09:25,618 INFO com.tweetApp.TweetAppApplication [restartedMain] Started TweetAppApplication in 0.935 seconds (JVM running for 1412.245)
2022-12-14 14:19:48,541 INFO com.tweetApp.controller.TweetController [http-nio-9090-exec-1] Getting all Tweets
2022-12-14 14:19:48,785 INFO com.tweetApp.controller.ReTweetController [http-nio-9090-exec-10] Getting all Retweets
2022-12-14 14:19:48,792 INFO com.tweetApp.controller.LikeController [http-nio-9090-exec-2] Getting TweetLike value of Username and TweetId
2022-12-14 14:19:53,237 INFO com.tweetApp.controller.TweetController [http-nio-9090-exec-5] Getting Tweets of Username
2022-12-14 14:19:53,355 INFO com.tweetApp.controller.ReTweetController [http-nio-9090-exec-7] Getting all Retweets
2022-12-14 14:19:53,359 INFO com.tweetApp.controller.LikeController [http-nio-9090-exec-4] Getting TweetLike value of Username and TweetId
2022-12-14 14:19:57,034 INFO com.tweetApp.controller.LikeController [http-nio-9090-exec-9] Making Tweet Like Update
2022-12-14 14:19:59,125 INFO com.tweetApp.controller.TweetController [http-nio-9090-exec-7] Getting all Tweets
2022-12-14 14:19:59,151 INFO com.tweetApp.controller.LikeController [http-nio-9090-exec-4] Getting TweetLike value of Username and TweetId
2022-12-14 14:19:59,154 INFO com.tweetApp.controller.ReTweetController [http-nio-9090-exec-9] Getting all Retweets
2022-12-14 14:20:01,627 INFO com.tweetApp.controller.LikeController [http-nio-9090-exec-1] Making Tweet Like Update
2022-12-14 14:20:03,185 INFO com.tweetApp.controller.TweetController [http-nio-9090-exec-6] Getting Tweets of Username
2022-12-14 14:20:03,202 INFO com.tweetApp.controller.ReTweetController [http-nio-9090-exec-7] Getting all Retweets
2022-12-14 14:20:03,202 INFO com.tweetApp.controller.LikeController [http-nio-9090-exec-5] Getting TweetLike value of Username and TweetId
2022-12-14 14:22:06,917 INFO com.tweetApp.controller.TweetController [http-nio-9090-exec-1] Getting Tweets of Username
2022-12-14 14:22:06,945 INFO com.tweetApp.controller.LikeController [http-nio-9090-exec-3] Getting TweetLike value of Username and TweetId
2022-12-14 14:22:06,950 INFO com.tweetApp.controller.ReTweetController [http-nio-9090-exec-6] Getting all Retweets
2022-12-14 14:23:06,563 INFO com.tweetApp.controller.TweetController [http-nio-9090-exec-9] Getting Tweets of Username
2022-12-14 14:23:06,584 INFO com.tweetApp.controller.LikeController [http-nio-9090-exec-8] Getting TweetLike value of Username and TweetId
2022-12-14 14:23:06,585 INFO com.tweetApp.controller.ReTweetController [http-nio-9090-exec-3] Getting all Retweets
2022-12-14 14:23:08,500 INFO com.tweetApp.controller.TweetController [http-nio-9090-exec-10] Getting all Tweets
2022-12-14 14:23:08,516 INFO com.tweetApp.controller.LikeController [http-nio-9090-exec-6] Getting TweetLike value of Username and TweetId
2022-12-14 14:23:08,520 INFO com.tweetApp.controller.ReTweetController [http-nio-9090-exec-5] Getting all Retweets
2022-12-14 15:17:18,051 INFO com.tweetApp.controller.TweetController [http-nio-9090-exec-6] Getting all Tweets
2022-12-14 15:17:18,093 INFO com.tweetApp.controller.LikeController [http-nio-9090-exec-7] Getting TweetLike value of Username and TweetId
2022-12-14 15:17:18,097 INFO com.tweetApp.controller.ReTweetController [http-nio-9090-exec-2] Getting all Retweets
2022-12-14 15:23:53,587 INFO com.tweetApp.controller.TweetController [http-nio-9090-exec-10] Getting Tweets of Username
2022-12-14 15:23:53,620 INFO com.tweetApp.controller.ReTweetController [http-nio-9090-exec-7] Getting all Retweets
2022-12-14 15:23:53,620 INFO com.tweetApp.controller.LikeController [http-nio-9090-exec-6] Getting TweetLike value of Username and TweetId
2022-12-14 15:49:13,445 INFO com.tweetApp.controller.TweetController [http-nio-9090-exec-3] Getting all Tweets
2022-12-14 15:49:13,576 INFO com.tweetApp.controller.LikeController [http-nio-9090-exec-1] Getting TweetLike value of Username and TweetId
2022-12-14 15:49:13,592 INFO com.tweetApp.controller.ReTweetController [http-nio-9090-exec-10] Getting all Retweets
2022-12-14 15:51:25,890 INFO com.tweetApp.controller.TweetController [http-nio-9090-exec-3] Getting all Tweets
2022-12-14 15:51:25,909 INFO com.tweetApp.controller.ReTweetController [http-nio-9090-exec-8] Getting all Retweets
2022-12-14 15:51:25,911 INFO com.tweetApp.controller.LikeController [http-nio-9090-exec-1] Getting TweetLike value of Username and TweetId
2022-12-14 15:51:46,407 INFO com.tweetApp.controller.TweetController [http-nio-9090-exec-7] Getting all Tweets
2022-12-14 15:51:46,418 INFO com.tweetApp.controller.LikeController [http-nio-9090-exec-5] Getting TweetLike value of Username and TweetId
2022-12-14 15:51:46,418 INFO com.tweetApp.controller.ReTweetController [http-nio-9090-exec-9] Getting all Retweets
2022-12-14 15:52:13,444 INFO com.tweetApp.controller.LikeController [http-nio-9090-exec-3] Getting TweetLike value of Username and TweetId
2022-12-14 15:52:13,447 INFO com.tweetApp.controller.ReTweetController [http-nio-9090-exec-8] Getting all Retweets
2022-12-14 16:40:35,411 INFO com.tweetApp.controller.TweetController [http-nio-9090-exec-8] Getting all Tweets
