2022-12-15 15:13:41,662 INFO com.tweetApp.TweetAppApplication [restartedMain] Starting TweetAppApplication using Java 18.0.2.1 on MSI with PID 20744 (C:\Users\gmano\eclipse-workspace\tweetApplicationBackend\target\classes started by gmano in C:\Users\gmano\eclipse-workspace\tweetApplicationBackend)
2022-12-15 15:13:41,666 DEBUG com.tweetApp.TweetAppApplication [restartedMain] Running with Spring Boot v2.7.5, Spring v5.3.23
2022-12-15 15:13:41,667 INFO com.tweetApp.TweetAppApplication [restartedMain] No active profile set, falling back to 1 default profile: "default"
2022-12-15 15:13:45,027 INFO com.tweetApp.TweetAppApplication [restartedMain] Started TweetAppApplication in 3.59 seconds (JVM running for 4.787)
2022-12-15 15:25:18,646 ERROR org.springframework.kafka.support.LoggingProducerListener [http-nio-9090-exec-3] Exception thrown when sending a message with key='null' and payload='manoj@gmail.com' to topic bridgeTopic:
org.apache.kafka.common.errors.TimeoutException: Topic bridgeTopic not present in metadata after 60000 ms.
2022-12-15 15:25:18,653 ERROR org.apache.catalina.core.ContainerBase.[Tomcat].[localhost].[/].[dispatcherServlet] [http-nio-9090-exec-3] Servlet.service() for servlet [dispatcherServlet] in context with path [] threw exception [Request processing failed; nested exception is org.springframework.kafka.KafkaException: Send failed; nested exception is org.apache.kafka.common.errors.TimeoutException: Topic bridgeTopic not present in metadata after 60000 ms.] with root cause
org.apache.kafka.common.errors.TimeoutException: Topic bridgeTopic not present in metadata after 60000 ms.
2022-12-15 15:25:46,622 ERROR org.springframework.kafka.support.LoggingProducerListener [http-nio-9090-exec-4] Exception thrown when sending a message with key='null' and payload='manoj@gmail.com' to topic bridgeTopic:
org.apache.kafka.common.errors.TimeoutException: Topic bridgeTopic not present in metadata after 60000 ms.
2022-12-15 15:25:46,625 ERROR org.apache.catalina.core.ContainerBase.[Tomcat].[localhost].[/].[dispatcherServlet] [http-nio-9090-exec-4] Servlet.service() for servlet [dispatcherServlet] in context with path [] threw exception [Request processing failed; nested exception is org.springframework.kafka.KafkaException: Send failed; nested exception is org.apache.kafka.common.errors.TimeoutException: Topic bridgeTopic not present in metadata after 60000 ms.] with root cause
org.apache.kafka.common.errors.TimeoutException: Topic bridgeTopic not present in metadata after 60000 ms.
2022-12-15 15:25:47,834 ERROR org.springframework.kafka.support.LoggingProducerListener [http-nio-9090-exec-5] Exception thrown when sending a message with key='null' and payload='manoj@gmail.com' to topic bridgeTopic:
org.apache.kafka.common.errors.TimeoutException: Topic bridgeTopic not present in metadata after 60000 ms.
2022-12-15 15:25:47,842 ERROR org.apache.catalina.core.ContainerBase.[Tomcat].[localhost].[/].[dispatcherServlet] [http-nio-9090-exec-5] Servlet.service() for servlet [dispatcherServlet] in context with path [] threw exception [Request processing failed; nested exception is org.springframework.kafka.KafkaException: Send failed; nested exception is org.apache.kafka.common.errors.TimeoutException: Topic bridgeTopic not present in metadata after 60000 ms.] with root cause
org.apache.kafka.common.errors.TimeoutException: Topic bridgeTopic not present in metadata after 60000 ms.
2022-12-15 15:25:49,103 ERROR org.springframework.kafka.support.LoggingProducerListener [http-nio-9090-exec-6] Exception thrown when sending a message with key='null' and payload='manoj@gmail.com' to topic bridgeTopic:
org.apache.kafka.common.errors.TimeoutException: Topic bridgeTopic not present in metadata after 60000 ms.
2022-12-15 15:25:49,106 ERROR org.apache.catalina.core.ContainerBase.[Tomcat].[localhost].[/].[dispatcherServlet] [http-nio-9090-exec-6] Servlet.service() for servlet [dispatcherServlet] in context with path [] threw exception [Request processing failed; nested exception is org.springframework.kafka.KafkaException: Send failed; nested exception is org.apache.kafka.common.errors.TimeoutException: Topic bridgeTopic not present in metadata after 60000 ms.] with root cause
org.apache.kafka.common.errors.TimeoutException: Topic bridgeTopic not present in metadata after 60000 ms.
2022-12-15 15:25:55,997 ERROR org.springframework.kafka.support.LoggingProducerListener [http-nio-9090-exec-7] Exception thrown when sending a message with key='null' and payload='manoj@gmail.com' to topic bridgeTopic:
org.apache.kafka.common.errors.TimeoutException: Topic bridgeTopic not present in metadata after 60000 ms.
2022-12-15 15:25:56,001 ERROR org.apache.catalina.core.ContainerBase.[Tomcat].[localhost].[/].[dispatcherServlet] [http-nio-9090-exec-7] Servlet.service() for servlet [dispatcherServlet] in context with path [] threw exception [Request processing failed; nested exception is org.springframework.kafka.KafkaException: Send failed; nested exception is org.apache.kafka.common.errors.TimeoutException: Topic bridgeTopic not present in metadata after 60000 ms.] with root cause
org.apache.kafka.common.errors.TimeoutException: Topic bridgeTopic not present in metadata after 60000 ms.
